SF:lib/common/constants.dart
DA:15,6
DA:16,3
DA:17,15
DA:19,3
DA:21,3
DA:25,3
DA:26,1
DA:27,1
DA:28,1
DA:29,1
LF:10
LH:10
end_of_record
SF:lib/data/datasources/db/database_helper.dart
DA:8,1
DA:12,2
DA:16,0
DA:18,0
DA:25,0
DA:26,0
DA:27,0
DA:29,0
DA:33,0
DA:34,0
DA:41,0
DA:44,0
DA:45,0
DA:46,0
DA:49,0
DA:50,0
DA:51,0
DA:54,0
DA:58,0
DA:59,0
DA:60,0
DA:63,0
DA:66,0
DA:67,0
DA:73,0
DA:74,0
DA:75,0
LF:27
LH:2
end_of_record
SF:lib/data/models/movie_table.dart
DA:11,3
DA:18,2
DA:19,1
DA:20,1
DA:21,1
DA:22,1
DA:25,2
DA:26,1
DA:27,1
DA:28,1
DA:29,1
DA:32,2
DA:33,1
DA:34,1
DA:35,1
DA:36,1
DA:39,2
DA:40,1
DA:41,1
DA:42,1
DA:43,1
DA:46,2
DA:47,10
LF:23
LH:23
end_of_record
SF:lib/common/failure.dart
DA:6,13
DA:8,2
DA:9,4
DA:13,8
DA:17,22
DA:21,4
DA:25,4
LF:7
LH:7
end_of_record
SF:lib/domain/entities/movie.dart
DA:4,11
DA:20,1
DA:41,7
DA:42,7
DA:43,7
DA:44,7
DA:45,7
DA:46,7
DA:47,7
DA:48,7
DA:49,7
DA:50,7
DA:51,7
DA:52,7
DA:53,7
DA:54,7
DA:55,7
LF:17
LH:17
end_of_record
SF:lib/domain/entities/movie_detail.dart
DA:5,6
DA:33,1
DA:34,1
DA:35,1
DA:36,1
DA:37,1
DA:38,1
DA:39,1
DA:40,1
DA:41,1
DA:42,1
DA:43,1
DA:44,1
DA:45,1
LF:14
LH:14
end_of_record
SF:lib/data/models/tv_model.dart
DA:6,4
DA:24,4
DA:25,2
DA:26,8
DA:27,2
DA:28,2
DA:29,2
DA:30,2
DA:31,2
DA:33,4
DA:34,2
DA:35,8
DA:36,2
DA:37,2
DA:38,2
DA:39,2
DA:40,2
DA:43,2
DA:44,2
DA:45,2
DA:46,2
DA:47,2
DA:48,2
DA:49,2
DA:50,2
DA:51,2
DA:55,2
DA:56,2
DA:57,2
DA:58,2
DA:59,2
DA:60,2
DA:61,2
DA:62,2
DA:63,2
LF:35
LH:35
end_of_record
SF:lib/domain/entities/tv.dart
DA:4,9
DA:14,1
DA:29,7
DA:30,7
DA:31,7
DA:32,7
DA:33,7
DA:34,7
DA:35,7
DA:36,7
LF:10
LH:10
end_of_record
SF:lib/data/models/tv_table.dart
DA:12,3
DA:19,2
DA:20,1
DA:21,1
DA:22,1
DA:23,1
DA:26,2
DA:27,1
DA:28,1
DA:29,1
DA:30,1
DA:33,2
DA:34,1
DA:35,1
DA:36,1
DA:37,1
DA:40,2
DA:41,1
DA:42,1
DA:43,1
DA:44,1
DA:47,2
DA:48,10
LF:23
LH:23
end_of_record
SF:lib/domain/entities/tv_detail.dart
DA:6,5
DA:36,1
DA:37,1
DA:38,1
DA:39,1
DA:40,1
DA:41,1
DA:42,1
DA:43,1
DA:44,1
DA:45,1
DA:46,1
DA:47,1
DA:48,1
DA:49,1
DA:50,1
LF:16
LH:16
end_of_record
SF:lib/domain/entities/genre.dart
DA:4,11
DA:12,2
DA:13,6
LF:3
LH:3
end_of_record
SF:lib/domain/entities/season.dart
DA:12,5
DA:22,1
DA:23,1
DA:24,1
DA:25,1
DA:26,1
DA:27,1
DA:28,1
DA:29,1
DA:30,1
LF:10
LH:10
end_of_record
SF:lib/domain/usecases/get_tv_detail.dart
DA:10,1
DA:12,1
DA:13,2
LF:3
LH:3
end_of_record
SF:lib/domain/usecases/get_tv_recomendations.dart
DA:10,1
DA:12,1
DA:13,2
LF:3
LH:3
end_of_record
SF:lib/domain/usecases/get_watch_list_status_tv.dart
DA:6,1
DA:8,1
DA:9,2
LF:3
LH:3
end_of_record
SF:lib/domain/usecases/remove_watch_list_tv.dart
DA:9,1
DA:11,1
DA:12,2
LF:3
LH:3
end_of_record
SF:lib/domain/usecases/save_watchlist_tv.dart
DA:9,1
DA:11,1
DA:12,2
LF:3
LH:3
end_of_record
SF:lib/presentation/bloc/detail/tv_detail_event.dart
DA:4,1
DA:6,0
DA:7,0
DA:13,1
DA:15,0
DA:16,0
DA:22,0
DA:24,0
DA:25,0
LF:9
LH:2
end_of_record
SF:lib/presentation/bloc/detail/tv_detail_state.dart
DA:4,1
DA:6,0
DA:7,0
DA:18,1
DA:20,0
DA:21,0
DA:28,1
DA:33,0
DA:34,0
DA:35,0
DA:36,0
LF:11
LH:3
end_of_record
SF:lib/presentation/bloc/detail/tv_detail_bloc.dart
DA:14,0
DA:17,0
DA:18,0
DA:19,0
DA:20,0
DA:21,0
DA:22,0
DA:24,0
DA:25,0
DA:26,0
DA:27,0
DA:28,0
DA:29,0
DA:30,0
LF:14
LH:0
end_of_record
SF:lib/presentation/bloc/watchlist/tv_watchlist_state.dart
DA:4,1
DA:6,0
DA:7,0
DA:17,1
DA:19,0
DA:20,0
DA:27,1
DA:29,0
DA:30,0
LF:9
LH:3
end_of_record
SF:lib/presentation/bloc/watchlist/tv_watchlist_event.dart
DA:4,1
DA:6,0
DA:7,0
DA:13,1
DA:15,0
DA:16,0
DA:22,0
DA:24,0
DA:25,0
DA:31,1
DA:33,0
DA:34,0
LF:12
LH:3
end_of_record
SF:lib/presentation/bloc/watchlist/tv_watchlist_bloc.dart
DA:16,0
DA:20,0
DA:21,0
DA:22,0
DA:23,0
DA:24,0
DA:27,0
DA:30,0
DA:31,0
DA:32,0
DA:34,0
DA:35,0
DA:36,0
DA:38,0
DA:39,0
DA:44,0
DA:45,0
DA:46,0
DA:48,0
DA:49,0
DA:50,0
DA:52,0
DA:53,0
LF:23
LH:0
end_of_record
SF:lib/presentation/pages/tv_detail_page.dart
DA:17,1
DA:19,1
DA:20,1
DA:24,1
DA:26,1
DA:27,2
DA:28,1
DA:29,5
DA:30,5
DA:34,1
DA:36,1
DA:37,1
DA:38,1
DA:39,1
DA:40,1
DA:41,1
DA:43,1
DA:44,1
DA:45,1
DA:46,1
DA:47,1
DA:48,1
DA:49,1
DA:51,1
DA:52,1
DA:55,1
DA:57,1
DA:64,1
DA:65,2
DA:67,0
DA:80,1
DA:82,1
DA:84,3
DA:85,1
DA:86,1
DA:87,1
DA:88,3
DA:90,2
DA:91,1
DA:93,0
DA:95,1
DA:97,1
DA:98,1
DA:99,1
DA:100,1
DA:102,2
DA:109,1
DA:110,1
DA:111,1
DA:113,1
DA:115,1
DA:117,1
DA:118,1
DA:119,2
DA:120,1
DA:122,1
DA:123,1
DA:124,1
DA:125,1
DA:126,1
DA:127,1
DA:128,3
DA:129,4
DA:131,0
DA:132,0
DA:133,0
DA:136,1
DA:137,1
DA:138,2
DA:139,2
DA:140,1
DA:141,1
DA:143,1
DA:144,1
DA:145,2
DA:150,1
DA:152,1
DA:153,1
DA:154,1
DA:155,1
DA:156,1
DA:162,1
DA:163,3
DA:165,1
DA:166,3
DA:168,1
DA:169,1
DA:170,1
DA:171,3
DA:173,2
DA:179,4
DA:182,1
DA:183,1
DA:185,1
DA:187,1
DA:188,2
DA:190,1
DA:191,4
DA:193,1
DA:194,4
DA:196,1
DA:197,1
DA:199,1
DA:201,1
DA:203,1
DA:204,1
DA:206,3
DA:207,1
DA:209,4
DA:210,1
DA:212,1
DA:213,1
DA:214,1
DA:216,1
DA:217,1
DA:219,1
DA:220,2
DA:221,1
DA:223,0
DA:224,0
DA:230,1
DA:232,1
DA:234,1
DA:235,1
DA:236,1
DA:237,0
DA:238,0
DA:240,1
DA:241,0
DA:242,1
DA:243,1
DA:245,1
DA:247,1
DA:248,2
DA:249,1
DA:251,1
DA:252,0
DA:253,0
DA:256,0
DA:259,1
DA:260,1
DA:261,1
DA:263,1
DA:265,2
DA:266,1
DA:267,1
DA:269,1
DA:272,0
DA:273,0
DA:279,2
DA:283,0
DA:291,1
DA:293,1
DA:308,1
DA:310,1
DA:313,1
DA:314,1
DA:315,0
DA:316,0
DA:325,1
DA:327,2
DA:328,3
DA:331,1
DA:335,3
DA:338,1
DA:339,1
DA:340,1
DA:342,1
DA:343,1
DA:345,0
LF:170
LH:151
end_of_record
SF:lib/data/datasources/db/database_helper_tv.dart
DA:8,1
DA:12,2
DA:16,0
DA:18,0
DA:25,0
DA:26,0
DA:27,0
DA:29,0
DA:33,0
DA:34,0
DA:41,0
DA:44,0
DA:45,0
DA:46,0
DA:49,0
DA:50,0
DA:51,0
DA:54,0
DA:58,0
DA:59,0
DA:60,0
DA:63,0
DA:66,0
DA:67,0
DA:73,0
DA:74,0
DA:75,0
LF:27
LH:2
end_of_record
SF:lib/common/exception.dart
DA:6,4
LF:1
LH:1
end_of_record
SF:lib/data/datasources/movie_local_data_source.dart
DA:15,1
DA:17,1
DA:20,2
DA:23,2
DA:27,1
DA:30,2
DA:33,2
DA:37,1
DA:39,2
DA:41,1
DA:47,1
DA:49,2
DA:50,4
LF:13
LH:13
end_of_record
SF:lib/data/datasources/movie_remote_data_source.dart
DA:23,1
DA:24,1
DA:27,4
DA:29,2
DA:30,4
DA:32,1
DA:36,1
DA:39,4
DA:41,2
DA:42,3
DA:44,1
DA:48,1
DA:50,1
DA:51,3
DA:53,2
DA:54,4
DA:56,1
DA:60,1
DA:63,4
DA:65,2
DA:66,4
DA:68,1
DA:72,1
DA:75,4
DA:77,2
DA:78,4
DA:80,1
DA:84,1
DA:86,1
DA:87,3
DA:89,2
DA:90,4
DA:92,1
LF:33
LH:33
end_of_record
SF:lib/data/datasources/tv_local_data_source.dart
DA:15,1
DA:17,1
DA:20,2
DA:23,2
DA:27,1
DA:30,2
DA:33,2
DA:37,1
DA:39,2
DA:41,1
DA:47,1
DA:49,2
DA:50,4
LF:13
LH:13
end_of_record
SF:lib/data/datasources/tv_remote_data_source.dart
DA:24,1
DA:26,1
DA:29,4
DA:31,2
DA:32,4
DA:34,1
DA:38,1
DA:41,4
DA:43,2
DA:44,4
DA:46,1
DA:50,1
DA:53,4
DA:55,2
DA:56,4
DA:58,1
DA:62,1
DA:64,4
DA:66,2
DA:67,3
DA:69,1
DA:73,1
DA:75,1
DA:76,3
DA:78,2
DA:79,4
DA:81,1
DA:85,1
DA:87,1
DA:88,3
DA:90,2
DA:91,4
DA:93,1
LF:33
LH:33
end_of_record
SF:lib/data/models/movie_detail_model.dart
DA:6,2
DA:52,1
DA:53,1
DA:54,1
DA:55,1
DA:56,1
DA:57,1
DA:58,4
DA:59,1
DA:60,1
DA:61,1
DA:62,1
DA:63,1
DA:64,1
DA:65,2
DA:66,1
DA:67,1
DA:68,1
DA:69,1
DA:70,1
DA:71,1
DA:72,1
DA:73,1
DA:74,2
DA:75,1
DA:78,1
DA:79,1
DA:80,1
DA:81,1
DA:82,5
DA:83,1
DA:84,1
DA:85,1
DA:86,1
DA:87,1
DA:88,1
DA:89,1
DA:90,1
DA:91,1
DA:95,1
DA:96,1
DA:97,1
DA:98,1
DA:99,1
DA:100,1
DA:101,1
DA:102,1
DA:103,1
DA:104,1
DA:105,1
DA:106,1
DA:107,1
DA:108,1
DA:109,1
DA:110,1
DA:111,1
DA:112,1
DA:113,1
DA:114,1
DA:115,1
DA:116,1
DA:117,1
LF:62
LH:62
end_of_record
SF:lib/data/models/movie_model.dart
DA:5,4
DA:35,4
DA:36,2
DA:37,2
DA:38,8
DA:39,2
DA:40,2
DA:41,2
DA:42,4
DA:43,2
DA:44,2
DA:45,2
DA:46,2
DA:47,4
DA:48,2
DA:51,2
DA:52,1
DA:53,1
DA:54,4
DA:55,1
DA:56,1
DA:57,1
DA:58,1
DA:59,1
DA:60,1
DA:61,1
DA:62,1
DA:63,1
DA:64,1
DA:67,2
DA:68,2
DA:69,2
DA:70,2
DA:71,2
DA:72,2
DA:73,2
DA:74,2
DA:75,2
DA:76,2
DA:77,2
DA:78,2
DA:79,2
DA:80,2
DA:81,2
DA:85,2
DA:86,2
DA:87,2
DA:88,2
DA:89,2
DA:90,2
DA:91,2
DA:92,2
DA:93,2
DA:94,2
DA:95,2
DA:96,2
DA:97,2
DA:98,2
DA:99,2
LF:59
LH:59
end_of_record
SF:lib/data/models/tv_detail_model.dart
DA:7,2
DA:39,1
DA:40,1
DA:41,1
DA:42,1
DA:43,4
DA:44,1
DA:45,1
DA:46,1
DA:47,1
DA:48,1
DA:49,1
DA:51,4
DA:52,2
DA:53,1
DA:54,1
DA:55,4
DA:56,1
DA:57,1
DA:60,1
DA:61,1
DA:62,1
DA:63,5
DA:64,1
DA:65,1
DA:66,1
DA:67,1
DA:68,1
DA:69,1
DA:70,1
DA:71,1
DA:72,5
DA:73,1
DA:74,1
DA:78,1
DA:79,1
DA:80,1
DA:81,1
DA:82,1
DA:83,1
DA:84,1
DA:85,1
DA:86,1
DA:87,1
DA:88,1
DA:89,1
DA:90,1
DA:91,1
DA:92,1
DA:93,1
LF:50
LH:50
end_of_record
SF:lib/data/models/movie_response.dart
DA:7,2
DA:9,4
DA:10,4
DA:11,6
DA:12,6
DA:15,2
DA:16,5
DA:19,1
DA:20,2
LF:9
LH:9
end_of_record
SF:lib/data/models/tv_response.dart
DA:7,2
DA:9,4
DA:10,4
DA:11,6
DA:12,6
DA:15,2
DA:16,5
DA:18,1
DA:19,2
LF:9
LH:9
end_of_record
SF:lib/data/models/genre_model.dart
DA:5,5
DA:13,4
DA:14,2
DA:15,2
DA:18,2
DA:19,1
DA:20,1
DA:23,2
DA:24,6
DA:27,2
DA:28,6
LF:11
LH:11
end_of_record
SF:lib/data/models/season_model.dart
DA:13,3
DA:23,2
DA:24,1
DA:25,1
DA:26,1
DA:27,1
DA:28,1
DA:29,1
DA:30,1
DA:32,2
DA:33,1
DA:34,1
DA:35,1
DA:36,1
DA:37,1
DA:38,1
DA:39,1
DA:42,1
DA:43,1
DA:44,1
DA:45,1
DA:46,1
DA:47,1
DA:48,1
DA:49,1
DA:50,1
DA:53,1
DA:54,1
DA:55,1
DA:56,1
DA:57,1
DA:58,1
DA:59,1
DA:60,1
DA:61,1
LF:35
LH:35
end_of_record
SF:lib/domain/usecases/get_watchlist_status.dart
DA:6,1
DA:8,1
DA:9,2
LF:3
LH:3
end_of_record
SF:lib/domain/usecases/remove_watchlist.dart
DA:9,1
DA:11,1
DA:12,2
LF:3
LH:3
end_of_record
SF:lib/domain/usecases/save_watchlist.dart
DA:9,1
DA:11,1
DA:12,2
LF:3
LH:3
end_of_record
SF:lib/presentation/bloc/watchlist/movie_watchlist_event.dart
DA:4,2
DA:6,0
DA:7,0
DA:13,2
DA:15,0
DA:16,0
DA:22,1
DA:24,0
DA:25,0
DA:31,2
DA:33,0
DA:34,0
LF:12
LH:4
end_of_record
SF:lib/presentation/bloc/watchlist/movie_watchlist_state.dart
DA:4,2
DA:6,1
DA:7,1
DA:17,2
DA:19,1
DA:20,2
DA:27,2
DA:29,1
DA:30,3
LF:9
LH:9
end_of_record
SF:lib/presentation/bloc/watchlist/movie_watchlist_bloc.dart
DA:16,1
DA:20,2
DA:21,2
DA:22,2
DA:23,3
DA:24,2
DA:27,1
DA:30,2
DA:31,2
DA:32,3
DA:34,1
DA:35,1
DA:36,3
DA:38,1
DA:39,2
DA:44,2
DA:45,2
DA:46,3
DA:48,1
DA:49,1
DA:50,3
DA:52,1
DA:53,2
LF:23
LH:23
end_of_record
SF:lib/data/repositories/movie_repository_impl.dart
DA:17,1
DA:22,1
DA:25,2
DA:26,5
DA:27,1
DA:28,2
DA:29,1
DA:30,4
DA:31,1
DA:32,2
DA:36,1
DA:39,2
DA:40,2
DA:41,1
DA:42,2
DA:43,1
DA:44,0
DA:45,1
DA:46,2
DA:50,1
DA:53,2
DA:54,3
DA:55,1
DA:56,2
DA:57,1
DA:58,0
DA:59,1
DA:60,2
DA:64,1
DA:67,2
DA:68,5
DA:69,1
DA:70,2
DA:71,1
DA:72,4
DA:73,1
DA:74,2
DA:78,1
DA:81,2
DA:82,5
DA:83,1
DA:84,2
DA:85,1
DA:86,4
DA:87,1
DA:88,2
DA:92,1
DA:95,2
DA:96,5
DA:97,1
DA:98,2
DA:99,1
DA:100,0
DA:101,1
DA:102,2
DA:106,1
DA:110,3
DA:111,1
DA:112,1
DA:113,3
DA:119,1
DA:123,3
DA:124,1
DA:125,1
DA:126,3
DA:130,1
DA:132,2
DA:136,1
DA:138,2
DA:139,5
LF:70
LH:67
end_of_record
SF:lib/domain/usecases/get_movie_detail.dart
DA:9,1
DA:11,1
DA:12,2
LF:3
LH:3
end_of_record
SF:lib/data/repositories/tv_repository_impl.dart
DA:18,1
DA:23,1
DA:26,2
DA:27,5
DA:28,1
DA:29,2
DA:30,1
DA:31,4
DA:32,1
DA:33,2
DA:37,1
DA:40,2
DA:41,5
DA:42,1
DA:43,2
DA:44,1
DA:45,4
DA:46,1
DA:47,2
DA:51,1
DA:54,2
DA:55,5
DA:56,1
DA:57,2
DA:58,1
DA:59,4
DA:60,1
DA:61,2
DA:65,1
DA:68,2
DA:69,2
DA:70,1
DA:71,2
DA:72,1
DA:73,0
DA:74,1
DA:75,2
DA:79,1
DA:82,2
DA:83,3
DA:84,1
DA:85,2
DA:86,1
DA:87,0
DA:88,1
DA:89,2
DA:93,1
DA:96,2
DA:97,5
DA:98,1
DA:99,2
DA:100,1
DA:101,0
DA:102,1
DA:103,2
DA:107,1
DA:111,3
DA:112,1
DA:113,1
DA:114,3
DA:120,1
DA:124,3
DA:125,1
DA:126,1
DA:127,3
DA:131,1
DA:133,2
DA:137,1
DA:139,2
DA:140,5
LF:70
LH:67
end_of_record
SF:lib/domain/usecases/get_movie_recommendations.dart
DA:9,1
DA:11,1
DA:12,2
LF:3
LH:3
end_of_record
SF:lib/domain/usecases/get_now_playing_movies.dart
DA:9,1
DA:11,1
DA:12,2
LF:3
LH:3
end_of_record
SF:lib/domain/usecases/get_now_playing_tv.dart
DA:10,1
DA:12,1
DA:13,2
LF:3
LH:3
end_of_record
SF:lib/domain/usecases/get_popular_movies.dart
DA:9,1
DA:11,1
DA:12,2
LF:3
LH:3
end_of_record
SF:lib/domain/usecases/get_popular_tv.dart
DA:10,1
DA:12,1
DA:13,2
LF:3
LH:3
end_of_record
SF:lib/domain/usecases/get_top_rated_movies.dart
DA:9,1
DA:11,1
DA:12,2
LF:3
LH:3
end_of_record
SF:lib/domain/usecases/get_top_rated_tv.dart
DA:10,1
DA:12,1
DA:13,2
LF:3
LH:3
end_of_record
SF:lib/domain/usecases/get_watchlist_movies.dart
DA:9,1
DA:11,1
DA:12,2
LF:3
LH:3
end_of_record
SF:lib/domain/usecases/get_watchlist_tv.dart
DA:9,1
DA:11,1
DA:12,2
LF:3
LH:3
end_of_record
SF:lib/domain/usecases/search_movies.dart
DA:9,1
DA:11,1
DA:12,2
LF:3
LH:3
end_of_record
SF:lib/domain/usecases/search_tv.dart
DA:10,1
DA:12,1
DA:13,2
LF:3
LH:3
end_of_record
SF:lib/presentation/bloc/now_playing/now_playing_movie_event.dart
DA:4,1
DA:6,0
DA:7,0
LF:3
LH:1
end_of_record
SF:lib/presentation/bloc/now_playing/now_playing_movie_state.dart
DA:4,1
DA:6,1
DA:7,1
DA:20,1
DA:21,1
DA:22,2
DA:29,1
DA:30,1
DA:31,2
LF:9
LH:9
end_of_record
SF:lib/presentation/bloc/now_playing/now_playing_movie_bloc.dart
DA:13,3
DA:14,2
DA:15,2
DA:17,2
DA:19,2
DA:20,3
DA:21,1
DA:22,2
LF:8
LH:8
end_of_record
SF:lib/presentation/bloc/now_playing/now_playing_tv_bloc.dart
DA:12,3
DA:13,2
DA:14,2
DA:16,2
DA:18,2
DA:19,3
DA:20,1
DA:21,2
LF:8
LH:8
end_of_record
SF:lib/presentation/bloc/now_playing/now_playing_tv_state.dart
DA:4,1
DA:6,1
DA:7,1
DA:20,1
DA:21,1
DA:22,2
DA:29,1
DA:30,1
DA:31,2
LF:9
LH:9
end_of_record
SF:lib/presentation/bloc/now_playing/now_playing_tv_event.dart
DA:4,1
DA:6,0
DA:7,0
LF:3
LH:1
end_of_record
SF:lib/presentation/bloc/popular/popular_movie_state.dart
DA:4,2
DA:6,1
DA:7,1
DA:20,2
DA:21,1
DA:22,2
DA:29,2
DA:30,1
DA:31,2
LF:9
LH:9
end_of_record
SF:lib/presentation/bloc/popular/popular_movie_bloc.dart
DA:12,3
DA:13,2
DA:14,2
DA:16,2
DA:18,2
DA:19,3
DA:20,1
DA:21,2
LF:8
LH:8
end_of_record
SF:lib/presentation/bloc/popular/popular_movie_event.dart
DA:4,2
DA:6,0
DA:7,0
LF:3
LH:1
end_of_record
SF:lib/domain/usecases/get_popular_tv.dart
DA:10,0
DA:12,0
DA:13,0
LF:3
LH:0
end_of_record
SF:lib/presentation/bloc/popular/popular_tv_bloc.dart
DA:12,3
DA:13,2
DA:14,2
DA:16,2
DA:18,2
DA:19,3
DA:20,1
DA:21,2
LF:8
LH:8
end_of_record
SF:lib/presentation/bloc/popular/popular_tv_state.dart
DA:4,1
DA:6,1
DA:7,1
DA:20,1
DA:21,1
DA:22,2
DA:29,1
DA:30,1
DA:31,2
LF:9
LH:9
end_of_record
SF:lib/presentation/bloc/popular/popular_tv_event.dart
DA:4,1
DA:6,0
DA:7,0
LF:3
LH:1
end_of_record
SF:lib/presentation/bloc/search/search_movie_state.dart
DA:4,1
DA:6,1
DA:7,1
DA:17,1
DA:19,1
DA:20,2
DA:26,1
DA:28,1
DA:29,2
LF:9
LH:9
end_of_record
SF:lib/presentation/bloc/search/search_movie_event.dart
DA:4,1
DA:10,1
DA:12,0
DA:13,0
LF:4
LH:2
end_of_record
SF:lib/presentation/bloc/search/search_movie_bloc.dart
DA:11,1
DA:12,3
DA:18,1
DA:20,2
DA:21,2
DA:22,1
DA:24,2
DA:26,2
DA:28,1
DA:29,1
DA:30,3
DA:32,1
DA:33,2
DA:36,1
LF:14
LH:14
end_of_record
SF:lib/presentation/bloc/search/search_tv_state.dart
DA:4,1
DA:6,1
DA:7,1
DA:18,1
DA:20,1
DA:21,2
DA:27,1
DA:29,1
DA:30,2
LF:9
LH:9
end_of_record
SF:lib/presentation/bloc/search/search_tv_event.dart
DA:4,1
DA:10,1
DA:12,0
DA:13,0
LF:4
LH:2
end_of_record
SF:lib/presentation/bloc/search/search_tv_bloc.dart
DA:11,1
DA:12,3
DA:18,3
DA:19,2
DA:20,1
DA:22,2
DA:24,2
DA:26,1
DA:27,1
DA:28,3
DA:30,1
DA:31,2
DA:34,1
LF:13
LH:13
end_of_record
SF:lib/presentation/bloc/top_rated/top_rated_movie_state.dart
DA:4,2
DA:6,1
DA:7,1
DA:20,2
DA:21,1
DA:22,2
DA:29,2
DA:30,1
DA:31,2
LF:9
LH:9
end_of_record
SF:lib/presentation/bloc/top_rated/top_rated_movie_bloc.dart
DA:12,3
DA:13,2
DA:14,2
DA:16,2
DA:18,2
DA:19,3
DA:20,1
DA:21,2
LF:8
LH:8
end_of_record
SF:lib/presentation/bloc/top_rated/top_rated_movie_event.dart
DA:4,2
DA:6,0
DA:7,0
LF:3
LH:1
end_of_record
SF:lib/presentation/bloc/top_rated/top_rated_tv_event.dart
DA:4,1
DA:6,0
DA:7,0
LF:3
LH:1
end_of_record
SF:lib/presentation/bloc/top_rated/top_rated_tv_bloc.dart
DA:12,3
DA:13,2
DA:14,2
DA:16,2
DA:18,2
DA:19,3
DA:20,1
DA:21,2
LF:8
LH:8
end_of_record
SF:lib/presentation/bloc/top_rated/top_rated_tv_state.dart
DA:4,1
DA:6,1
DA:7,1
DA:20,1
DA:21,1
DA:22,2
DA:29,1
DA:30,1
DA:31,2
LF:9
LH:9
end_of_record
SF:lib/presentation/bloc/watchlist/list_watchlist_movie_state.dart
DA:4,1
DA:6,1
DA:7,1
DA:17,1
DA:18,1
DA:19,2
DA:25,1
DA:26,1
DA:27,2
LF:9
LH:9
end_of_record
SF:lib/presentation/bloc/watchlist/list_watchlist_movie_event.dart
DA:4,1
DA:6,0
DA:7,0
LF:3
LH:1
end_of_record
SF:lib/presentation/bloc/watchlist/list_watchlist_movie_bloc.dart
DA:14,3
DA:15,2
DA:16,2
DA:17,2
DA:18,2
DA:19,3
DA:20,1
DA:21,1
DA:22,2
DA:24,2
LF:10
LH:10
end_of_record
SF:lib/presentation/bloc/watchlist/list_watchlist_tv_state.dart
DA:4,1
DA:6,1
DA:7,1
DA:17,1
DA:18,1
DA:19,2
DA:25,1
DA:26,1
DA:27,2
LF:9
LH:9
end_of_record
SF:lib/presentation/bloc/watchlist/list_watchlist_tv_event.dart
DA:4,1
DA:6,0
DA:7,0
LF:3
LH:1
end_of_record
SF:lib/presentation/bloc/watchlist/list_watchlist_tv_bloc.dart
DA:12,3
DA:13,2
DA:14,2
DA:15,2
DA:16,2
DA:17,3
DA:18,1
DA:19,1
DA:20,2
DA:22,2
LF:10
LH:10
end_of_record
SF:lib/presentation/bloc/detail/movie_detail_event.dart
DA:4,1
DA:6,0
DA:7,0
DA:13,1
DA:15,0
DA:16,0
DA:22,0
DA:24,0
DA:25,0
LF:9
LH:2
end_of_record
SF:lib/presentation/bloc/detail/movie_detail_state.dart
DA:4,1
DA:6,0
DA:7,0
DA:18,1
DA:20,0
DA:21,0
DA:28,1
DA:33,0
DA:34,0
DA:35,0
DA:36,0
LF:11
LH:3
end_of_record
SF:lib/presentation/bloc/detail/movie_detail_bloc.dart
DA:15,0
DA:18,0
DA:19,0
DA:20,0
DA:21,0
DA:22,0
DA:23,0
DA:25,0
DA:26,0
DA:27,0
DA:28,0
DA:29,0
DA:30,0
DA:31,0
LF:14
LH:0
end_of_record
SF:lib/presentation/pages/movie_detail_page.dart
DA:16,1
DA:18,1
DA:19,1
DA:23,1
DA:25,1
DA:26,2
DA:27,1
DA:28,5
DA:29,5
DA:33,1
DA:35,1
DA:36,1
DA:37,1
DA:38,1
DA:39,1
DA:40,1
DA:42,1
DA:43,1
DA:44,1
DA:45,1
DA:46,1
DA:47,1
DA:48,1
DA:49,1
DA:50,1
DA:53,1
DA:54,1
DA:55,1
DA:62,1
DA:63,2
DA:65,0
DA:78,1
DA:84,1
DA:86,3
DA:87,1
DA:88,1
DA:89,1
DA:90,3
DA:92,2
DA:93,1
DA:95,0
DA:97,1
DA:99,1
DA:100,1
DA:101,1
DA:102,1
DA:104,2
DA:111,1
DA:112,1
DA:113,1
DA:115,1
DA:117,1
DA:119,1
DA:120,1
DA:121,2
DA:122,1
DA:124,1
DA:126,1
DA:127,1
DA:128,1
DA:129,1
DA:130,1
DA:131,3
DA:132,4
DA:135,0
DA:136,0
DA:137,0
DA:138,0
DA:140,1
DA:141,1
DA:142,2
DA:143,2
DA:144,1
DA:145,1
DA:147,1
DA:148,1
DA:149,2
DA:154,1
DA:156,1
DA:157,1
DA:158,1
DA:159,1
DA:160,1
DA:166,1
DA:167,3
DA:169,1
DA:170,3
DA:172,1
DA:173,1
DA:174,1
DA:175,3
DA:177,2
DA:183,4
DA:186,1
DA:187,1
DA:189,1
DA:191,1
DA:192,2
DA:194,1
DA:195,1
DA:197,1
DA:199,1
DA:200,1
DA:201,1
DA:202,0
DA:203,0
DA:205,1
DA:206,0
DA:207,1
DA:208,1
DA:210,1
DA:212,1
DA:213,2
DA:214,1
DA:216,1
DA:217,0
DA:218,0
DA:221,0
DA:224,1
DA:225,1
DA:226,1
DA:228,1
DA:230,2
DA:231,1
DA:232,1
DA:234,1
DA:237,0
DA:238,0
DA:244,2
DA:248,0
DA:256,1
DA:258,1
DA:273,1
DA:275,1
DA:278,1
DA:279,1
DA:280,0
DA:281,0
DA:290,1
DA:292,2
DA:293,3
DA:296,1
DA:300,3
DA:303,1
DA:304,1
DA:305,1
DA:307,1
DA:308,1
DA:310,0
LF:149
LH:131
end_of_record
SF:lib/presentation/pages/popular_movies_page.dart
DA:9,1
DA:10,1
DA:14,1
DA:16,1
DA:17,1
DA:18,5
DA:22,1
DA:24,1
DA:25,1
DA:26,1
DA:28,1
DA:30,1
DA:31,1
DA:32,1
DA:33,0
DA:34,0
DA:36,1
DA:37,1
DA:38,1
DA:39,2
DA:40,1
DA:42,2
DA:45,1
DA:46,1
DA:47,2
LF:25
LH:23
end_of_record
SF:lib/presentation/widgets/movie_card_list.dart
DA:13,2
DA:15,2
DA:17,2
DA:19,2
DA:20,0
DA:21,0
DA:22,0
DA:25,0
DA:28,0
DA:31,0
DA:35,2
DA:37,2
DA:38,2
DA:39,2
DA:45,2
DA:47,2
DA:48,2
DA:49,6
DA:52,2
DA:54,2
DA:55,2
DA:56,4
DA:64,2
DA:69,2
DA:70,2
DA:71,6
DA:73,4
DA:74,2
DA:76,0
DA:78,4
LF:30
LH:23
end_of_record
SF:lib/presentation/pages/top_rated_movies_page.dart
DA:9,1
DA:10,1
DA:14,1
DA:16,1
DA:17,1
DA:18,5
DA:22,1
DA:24,1
DA:25,1
DA:26,1
DA:28,1
DA:30,1
DA:31,1
DA:32,1
DA:33,0
DA:34,0
DA:36,1
DA:37,1
DA:38,1
DA:39,2
DA:40,1
DA:42,2
DA:45,1
DA:46,1
DA:47,2
LF:25
LH:23
end_of_record
